<?xml version="1.0" encoding="UTF-8"?>
<!-- Generated by org.testng.reporters.JUnitXMLReporter -->
<testsuite ignored="0" hostname="Prakash_Muthu" failures="0" tests="4" name="Default test" time="22.671" errors="0" timestamp="2023-12-15T19:22:59 IST">
  <testcase classname="testng.test" name="login" time="2.356"/>
  <testcase classname="testng.test" name="login" time="0.868"/>
  <testcase classname="testng.test" name="login" time="0.708"/>
  <testcase classname="testng.test" name="login" time="0.717"/>
</testsuite> <!-- Default test -->
